<?xml version="1.0" encoding="UTF-8"?>
<testng-results ignored="0" total="1" passed="1" failed="0" skipped="0">
  <reporter-output>
  </reporter-output>
  <suite started-at="2024-06-16T10:01:49 IST" name="Default suite" finished-at="2024-06-16T10:01:51 IST" duration-ms="2499">
    <groups>
    </groups>
    <test started-at="2024-06-16T10:01:49 IST" name="Default test" finished-at="2024-06-16T10:01:51 IST" duration-ms="2499">
      <class name="modules.ApplyLeave">
        <test-method signature="applyLeaveStudent()[pri:0, instance:modules.ApplyLeave@7c9b78e3]" started-at="2024-06-16T10:01:49 IST" name="applyLeaveStudent" finished-at="2024-06-16T10:01:51 IST" duration-ms="2107" status="PASS">
          <reporter-output>
          </reporter-output>
        </test-method> <!-- applyLeaveStudent -->
      </class> <!-- modules.ApplyLeave -->
    </test> <!-- Default test -->
  </suite> <!-- Default suite -->
</testng-results>
